D:\FINAL\CUDA-CONVNET\CUDA-CONVNET\X64\RELEASE\MATRIX.OBJ
D:\Final\cuda-convnet\cuda-convnet\x64\Release\convnet.cu.cache
D:\Final\cuda-convnet\cuda-convnet\x64\Release\conv_util.cu.cache
D:\Final\cuda-convnet\cuda-convnet\x64\Release\cost.cu.cache
D:\Final\cuda-convnet\cuda-convnet\x64\Release\data.cu.cache
D:\Final\cuda-convnet\cuda-convnet\x64\Release\filter_acts.cu.cache
D:\Final\cuda-convnet\cuda-convnet\x64\Release\img_acts.cu.cache
D:\Final\cuda-convnet\cuda-convnet\x64\Release\layer.cu.cache
D:\Final\cuda-convnet\cuda-convnet\x64\Release\layer_kernels.cu.cache
D:\Final\cuda-convnet\cuda-convnet\x64\Release\neuron.cu.cache
D:\Final\cuda-convnet\cuda-convnet\x64\Release\nvmatrix.cu.cache
D:\Final\cuda-convnet\cuda-convnet\x64\Release\nvmatrix_kernels.cu.cache
D:\Final\cuda-convnet\cuda-convnet\x64\Release\pyconvnet.cu.cache
D:\Final\cuda-convnet\cuda-convnet\x64\Release\util.cu.cache
D:\Final\cuda-convnet\cuda-convnet\x64\Release\weights.cu.cache
D:\Final\cuda-convnet\cuda-convnet\x64\Release\weight_acts.cu.cache
D:\Final\cuda-convnet\cuda-convnet\x64\Release\worker.cu.cache
D:\Final\cuda-convnet\cuda-convnet\x64\Release\convnet.cu.obj
D:\Final\cuda-convnet\cuda-convnet\x64\Release\conv_util.cu.obj
D:\Final\cuda-convnet\cuda-convnet\x64\Release\cost.cu.obj
D:\Final\cuda-convnet\cuda-convnet\x64\Release\data.cu.obj
D:\Final\cuda-convnet\cuda-convnet\x64\Release\filter_acts.cu.obj
D:\Final\cuda-convnet\cuda-convnet\x64\Release\img_acts.cu.obj
D:\Final\cuda-convnet\cuda-convnet\x64\Release\layer.cu.obj
D:\Final\cuda-convnet\cuda-convnet\x64\Release\layer_kernels.cu.obj
D:\Final\cuda-convnet\cuda-convnet\x64\Release\matrix.obj
D:\Final\cuda-convnet\cuda-convnet\x64\Release\neuron.cu.obj
D:\Final\cuda-convnet\cuda-convnet\x64\Release\nvmatrix.cu.obj
D:\Final\cuda-convnet\cuda-convnet\x64\Release\nvmatrix_kernels.cu.obj
D:\Final\cuda-convnet\cuda-convnet\x64\Release\pyconvnet.cu.obj
D:\Final\cuda-convnet\cuda-convnet\x64\Release\util.cu.obj
D:\Final\cuda-convnet\cuda-convnet\x64\Release\weights.cu.obj
D:\Final\cuda-convnet\cuda-convnet\x64\Release\weight_acts.cu.obj
D:\Final\cuda-convnet\cuda-convnet\x64\Release\worker.cu.obj
D:\Final\cuda-convnet\cuda-convnet\x64\Release\cl.command.1.tlog
D:\Final\cuda-convnet\cuda-convnet\x64\Release\CL.read.1.tlog
D:\Final\cuda-convnet\cuda-convnet\x64\Release\CL.write.1.tlog
D:\Final\cuda-convnet\cuda-convnet\x64\Release\link.command.1.tlog
D:\Final\cuda-convnet\cuda-convnet\x64\Release\link.read.1.tlog
D:\Final\cuda-convnet\cuda-convnet\x64\Release\link.write.1.tlog
